мар 27, 2019 2:45:13 PM com.regexr.ParseWebTest ParseWebTest
INFO: 
info@mate.academy
info@mate.academy
info@mate.academy
мар 27, 2019 2:45:13 PM com.regexr.ParseWebTest ParseWebTest
INFO: 
08.1.2.18
01.7.156.83
6.251.3.63
71.14.77.51
14.14.3.21
48.21.130.24
04.34.11.1
08.18.17.25
09.16.11.34
00.05.1.37
04.21.13.45
27.72.11.23
3.52.54.86
25.34.6.74
61.18.44.46
11.181.06.35
26.64.44.87
56.23.12.4
19.04.1.02
170.3.03.4
21.13.33.3
мар 27, 2019 2:45:13 PM com.regexr.ParseWebTest ParseWebTest
INFO: 
600000000000
0671061143
0671061143
0509061143
0509061143
0671061143
0671061143
0509061143
0509061143
мар 27, 2019 2:45:14 PM com.regexr.ParseWebTest ParseWebTest
INFO: 
27января2019
27января2019
25сентября2018
2декабря2018
21января1996
19февраля1997
8декабря1998
6февраля2002
30сентября2004
11декабря2006
8октября2013
10октября2013
28июля2011
27июля2017
21сентября2017
25сентября2018
8декабря2014
25сентября2018
19ноября2018
19ноября2018
5июня2011
5июня2009
17ноября2018
17ноября2018
17ноября2018
17ноября2018
17ноября2018
17ноября2018
17ноября2018
17ноября2018
24ноября2018
25ноября2018
18ноября2018
20ноября2018
21ноября2018
24ноября2018
24ноября2018
22ноября2018
24ноября2018
22ноября2018
22ноября2018
18ноября2018
18ноября2018
18ноября2018
18ноября2018
18ноября2018
18ноября2018
18ноября2018
25ноября2018
25ноября2018
25ноября2018
12сентября2003
9октября2010
10октября2010
18сентября2007
6июня2009
6июня2009
6сентября2009
29ноября2006
6июня2009
11июня2008
5июня2009
21июня2009
5июня2009
1декабря2018
26ноября2018
21декабря2018
